<?xml version="1.0" encoding="UTF-8"?>
<!-- Generated by org.testng.reporters.JUnitXMLReporter -->
<testsuite ignored="2" hostname="G00005" failures="0" tests="0" name="Default test" time="0.015" errors="0" timestamp="2026-06-04T08:40:48 IST">
  <testcase classname="day22.AttributesInTestNG" name="display" time="0.0">
    <ignored/>
  </testcase> <!-- display -->
  <testcase classname="day22.AttributesInTestNG" name="sign_up" time="0.0">
    <ignored/>
  </testcase> <!-- sign_up -->
</testsuite> <!-- Default test -->
