<?xml version="1.0" encoding="UTF-8"?>
<!-- Generated by org.testng.reporters.JUnitXMLReporter -->
<testsuite ignored="1" hostname="G00005" failures="0" tests="4" name="Default test" time="4.204" errors="0" timestamp="2026-06-05T07:45:48 IST">
  <testcase classname="day22.AttributesInTestNG" name="sign_up" time="2.981"/>
  <testcase classname="day22.AttributesInTestNG" name="sign_up" time="2.981"/>
  <testcase classname="day22.AttributesInTestNG" name="sign_up" time="1.144"/>
  <testcase classname="day22.AttributesInTestNG" name="login_up" time="0.002"/>
  <testcase classname="day22.AttributesInTestNG" name="display" time="0.0">
    <ignored/>
  </testcase> <!-- display -->
</testsuite> <!-- Default test -->
