<?xml version="1.0" encoding="UTF-8"?>
<!-- Generated by org.testng.reporters.JUnitXMLReporter -->
<testsuite ignored="0" hostname="G00005" failures="1" tests="2" name="Test" time="16.863" errors="0" timestamp="2026-06-05T08:42:18 IST">
  <testcase classname="day23.TC001_LoginTest_Valid" name="login_Test" time="4.074">
    <failure type="java.lang.AssertionError" message="The following asserts failed:
	expected [Dashboa] but found [Dashboard]">
      <![CDATA[java.lang.AssertionError: The following asserts failed:
expected [Dashboa] but found [Dashboard]
at day23.TC001_LoginTest_Valid.login_Test(TC001_LoginTest_Valid.java:91)
at java.base/java.util.ArrayList.forEach(ArrayList.java:1596)
... Removed 27 stack frames]]>
    </failure>
  </testcase> <!-- login_Test -->
  <testcase classname="day23.TC002_InvalidLoginTest" name="login_Test" time="0.943"/>
</testsuite> <!-- Test -->
