<?xml version="1.0" encoding="UTF-8"?>
<!-- Generated by org.testng.reporters.JUnitXMLReporter -->
<testsuite ignored="0" hostname="G00005" failures="0" tests="4" name="Test" time="36.946" errors="0" timestamp="2026-06-08T08:35:15 IST">
  <testcase classname="day23.TC001_LoginTest_Valid" name="login_Test" time="3.743"/>
  <testcase classname="day23.TC001_LoginTest_Valid" name="login_Test" time="3.714"/>
  <testcase classname="day23.TC001_LoginTest_Valid" name="login_Test" time="3.711"/>
  <testcase classname="day23.TC001_LoginTest_Valid" name="login_Test" time="3.67"/>
</testsuite> <!-- Test -->
