<?xml version="1.0" encoding="UTF-8"?>
<testng-results ignored="1" total="3" passed="2" failed="0" skipped="0">
  <reporter-output>
  </reporter-output>
  <suite started-at="2026-06-04T08:40:19 IST" name="Default suite" finished-at="2026-06-04T08:40:19 IST" duration-ms="76">
    <groups>
    </groups>
    <test started-at="2026-06-04T08:40:19 IST" name="Default test" finished-at="2026-06-04T08:40:19 IST" duration-ms="76">
      <class name="day22.AttributesInTestNG">
        <test-method signature="sign_up()[pri:0, instance:day22.AttributesInTestNG@515c6049]" started-at="2026-06-04T08:40:19 IST" name="sign_up" finished-at="2026-06-04T08:40:19 IST" duration-ms="11" status="PASS">
          <reporter-output>
          </reporter-output>
        </test-method> <!-- sign_up -->
        <test-method signature="login_up()[pri:1, instance:day22.AttributesInTestNG@515c6049]" started-at="2026-06-04T08:40:19 IST" name="login_up" finished-at="2026-06-04T08:40:19 IST" depends-on-methods="day22.AttributesInTestNG.sign_up" duration-ms="4" status="PASS">
          <reporter-output>
          </reporter-output>
        </test-method> <!-- login_up -->
      </class> <!-- day22.AttributesInTestNG -->
    </test> <!-- Default test -->
  </suite> <!-- Default suite -->
</testng-results>
