<?xml version="1.0" encoding="UTF-8"?>
<testng-results ignored="0" total="4" passed="4" failed="0" skipped="0">
  <reporter-output>
  </reporter-output>
  <suite started-at="2026-06-08T08:34:38 IST" name="Suite" finished-at="2026-06-08T08:35:15 IST" duration-ms="36946">
    <groups>
    </groups>
    <test started-at="2026-06-08T08:34:38 IST" name="Test" finished-at="2026-06-08T08:35:15 IST" duration-ms="36946">
      <class name="day23.TC001_LoginTest_Valid">
        <test-method is-config="true" signature="setup_Test()[pri:0, instance:day23.TC001_LoginTest_Valid@3a52dba3]" started-at="2026-06-08T08:34:38 IST" name="setup_Test" finished-at="2026-06-08T08:34:38 IST" duration-ms="10" status="PASS">
          <reporter-output>
          </reporter-output>
        </test-method> <!-- setup_Test -->
        <test-method is-config="true" signature="setup_browsedr(java.lang.String,java.lang.String)[pri:0, instance:day23.TC001_LoginTest_Valid@3a52dba3]" started-at="2026-06-08T08:34:39 IST" name="setup_browsedr" finished-at="2026-06-08T08:34:45 IST" duration-ms="5728" status="PASS">
          <params>
            <param index="0">
              <value>
                <![CDATA[chrome]]>
              </value>
            </param>
            <param index="1">
              <value>
                <![CDATA[https://opensource-demo.orangehrmlive.com/web/index.php/auth/login]]>
              </value>
            </param>
          </params>
          <reporter-output>
          </reporter-output>
        </test-method> <!-- setup_browsedr -->
        <test-method signature="login_Test(java.lang.String,java.lang.String,java.lang.String,java.lang.String)[pri:0, instance:day23.TC001_LoginTest_Valid@3a52dba3]" started-at="2026-06-08T08:34:45 IST" name="login_Test" data-provider="readData" finished-at="2026-06-08T08:34:49 IST" duration-ms="3743" status="PASS">
          <params>
            <param index="0">
              <value>
                <![CDATA[Admin]]>
              </value>
            </param>
            <param index="1">
              <value>
                <![CDATA[admin123]]>
              </value>
            </param>
            <param index="2">
              <value>
                <![CDATA[ValidUnValidPass]]>
              </value>
            </param>
            <param index="3">
              <value>
                <![CDATA[Dashboard]]>
              </value>
            </param>
          </params>
          <reporter-output>
          </reporter-output>
        </test-method> <!-- login_Test -->
        <test-method is-config="true" signature="close_browser()[pri:0, instance:day23.TC001_LoginTest_Valid@3a52dba3]" started-at="2026-06-08T08:34:49 IST" name="close_browser" finished-at="2026-06-08T08:34:49 IST" duration-ms="95" status="PASS">
          <reporter-output>
          </reporter-output>
        </test-method> <!-- close_browser -->
        <test-method is-config="true" signature="setup_browsedr(java.lang.String,java.lang.String)[pri:0, instance:day23.TC001_LoginTest_Valid@3a52dba3]" started-at="2026-06-08T08:34:49 IST" name="setup_browsedr" finished-at="2026-06-08T08:34:54 IST" duration-ms="4823" status="PASS">
          <params>
            <param index="0">
              <value>
                <![CDATA[chrome]]>
              </value>
            </param>
            <param index="1">
              <value>
                <![CDATA[https://opensource-demo.orangehrmlive.com/web/index.php/auth/login]]>
              </value>
            </param>
          </params>
          <reporter-output>
          </reporter-output>
        </test-method> <!-- setup_browsedr -->
        <test-method signature="login_Test(java.lang.String,java.lang.String,java.lang.String,java.lang.String)[pri:0, instance:day23.TC001_LoginTest_Valid@3a52dba3]" started-at="2026-06-08T08:34:54 IST" name="login_Test" data-provider="readData" finished-at="2026-06-08T08:34:57 IST" duration-ms="3714" status="PASS">
          <params>
            <param index="0">
              <value>
                <![CDATA[Admin]]>
              </value>
            </param>
            <param index="1">
              <value>
                <![CDATA[admin ]]>
              </value>
            </param>
            <param index="2">
              <value>
                <![CDATA[ValidUnInvalidPass]]>
              </value>
            </param>
            <param index="3">
              <value>
                <![CDATA[Invalid credentials]]>
              </value>
            </param>
          </params>
          <reporter-output>
          </reporter-output>
        </test-method> <!-- login_Test -->
        <test-method is-config="true" signature="close_browser()[pri:0, instance:day23.TC001_LoginTest_Valid@3a52dba3]" started-at="2026-06-08T08:34:57 IST" name="close_browser" finished-at="2026-06-08T08:34:58 IST" duration-ms="171" status="PASS">
          <reporter-output>
          </reporter-output>
        </test-method> <!-- close_browser -->
        <test-method is-config="true" signature="setup_browsedr(java.lang.String,java.lang.String)[pri:0, instance:day23.TC001_LoginTest_Valid@3a52dba3]" started-at="2026-06-08T08:34:58 IST" name="setup_browsedr" finished-at="2026-06-08T08:35:03 IST" duration-ms="5267" status="PASS">
          <params>
            <param index="0">
              <value>
                <![CDATA[chrome]]>
              </value>
            </param>
            <param index="1">
              <value>
                <![CDATA[https://opensource-demo.orangehrmlive.com/web/index.php/auth/login]]>
              </value>
            </param>
          </params>
          <reporter-output>
          </reporter-output>
        </test-method> <!-- setup_browsedr -->
        <test-method signature="login_Test(java.lang.String,java.lang.String,java.lang.String,java.lang.String)[pri:0, instance:day23.TC001_LoginTest_Valid@3a52dba3]" started-at="2026-06-08T08:35:03 IST" name="login_Test" data-provider="readData" finished-at="2026-06-08T08:35:07 IST" duration-ms="3711" status="PASS">
          <params>
            <param index="0">
              <value>
                <![CDATA[ad]]>
              </value>
            </param>
            <param index="1">
              <value>
                <![CDATA[admin123]]>
              </value>
            </param>
            <param index="2">
              <value>
                <![CDATA[InvalidUnInvalidPass]]>
              </value>
            </param>
            <param index="3">
              <value>
                <![CDATA[Invalid credentials]]>
              </value>
            </param>
          </params>
          <reporter-output>
          </reporter-output>
        </test-method> <!-- login_Test -->
        <test-method is-config="true" signature="close_browser()[pri:0, instance:day23.TC001_LoginTest_Valid@3a52dba3]" started-at="2026-06-08T08:35:07 IST" name="close_browser" finished-at="2026-06-08T08:35:07 IST" duration-ms="125" status="PASS">
          <reporter-output>
          </reporter-output>
        </test-method> <!-- close_browser -->
        <test-method is-config="true" signature="setup_browsedr(java.lang.String,java.lang.String)[pri:0, instance:day23.TC001_LoginTest_Valid@3a52dba3]" started-at="2026-06-08T08:35:07 IST" name="setup_browsedr" finished-at="2026-06-08T08:35:11 IST" duration-ms="4788" status="PASS">
          <params>
            <param index="0">
              <value>
                <![CDATA[chrome]]>
              </value>
            </param>
            <param index="1">
              <value>
                <![CDATA[https://opensource-demo.orangehrmlive.com/web/index.php/auth/login]]>
              </value>
            </param>
          </params>
          <reporter-output>
          </reporter-output>
        </test-method> <!-- setup_browsedr -->
        <test-method signature="login_Test(java.lang.String,java.lang.String,java.lang.String,java.lang.String)[pri:0, instance:day23.TC001_LoginTest_Valid@3a52dba3]" started-at="2026-06-08T08:35:11 IST" name="login_Test" data-provider="readData" finished-at="2026-06-08T08:35:15 IST" duration-ms="3670" status="PASS">
          <params>
            <param index="0">
              <value>
                <![CDATA[ad]]>
              </value>
            </param>
            <param index="1">
              <value>
                <![CDATA[ad]]>
              </value>
            </param>
            <param index="2">
              <value>
                <![CDATA[InvalidUnInvalidPass]]>
              </value>
            </param>
            <param index="3">
              <value>
                <![CDATA[Invalid credentials]]>
              </value>
            </param>
          </params>
          <reporter-output>
          </reporter-output>
        </test-method> <!-- login_Test -->
        <test-method is-config="true" signature="close_browser()[pri:0, instance:day23.TC001_LoginTest_Valid@3a52dba3]" started-at="2026-06-08T08:35:15 IST" name="close_browser" finished-at="2026-06-08T08:35:15 IST" duration-ms="191" status="PASS">
          <reporter-output>
          </reporter-output>
        </test-method> <!-- close_browser -->
      </class> <!-- day23.TC001_LoginTest_Valid -->
    </test> <!-- Test -->
  </suite> <!-- Suite -->
</testng-results>
