<?xml version="1.0" encoding="UTF-8"?>
<!-- Generated by org.testng.reporters.JUnitReportReporter -->
<testsuite hostname="G00005" failures="0" tests="3" name="day22.AttributesInTestNG" time="0.015" errors="0" timestamp="2026-06-04T08:40:19 IST" skipped="1">
  <testcase classname="day22.AttributesInTestNG" name="sign_up" time="0.011"/>
  <testcase classname="day22.AttributesInTestNG" name="login_up" time="0.004"/>
  <testcase classname="day22.AttributesInTestNG" name="display">
    <skipped/>
  </testcase> <!-- display -->
</testsuite> <!-- day22.AttributesInTestNG -->
