<?xml version="1.0" encoding="UTF-8"?>
<!-- Generated by org.testng.reporters.JUnitReportReporter -->
<testsuite hostname="G00005" failures="0" tests="5" name="day22.AttributesInTestNG" time="7.108" errors="0" timestamp="2026-06-05T07:45:49 IST" skipped="1">
  <testcase classname="day22.AttributesInTestNG" name="sign_up" time="2.981"/>
  <testcase classname="day22.AttributesInTestNG" name="sign_up" time="1.144"/>
  <testcase classname="day22.AttributesInTestNG" name="sign_up" time="2.981"/>
  <testcase classname="day22.AttributesInTestNG" name="login_up" time="0.002"/>
  <testcase classname="day22.AttributesInTestNG" name="display">
    <skipped/>
  </testcase> <!-- display -->
</testsuite> <!-- day22.AttributesInTestNG -->
