<?xml version="1.0" encoding="UTF-8"?>
<!-- Generated by org.testng.reporters.JUnitReportReporter -->
<testsuite hostname="G00005" failures="0" tests="4" name="day23.TC001_LoginTest_Valid" time="36.026" errors="0" timestamp="2026-06-08T08:35:15 IST" skipped="0">
  <testcase classname="day23.TC001_LoginTest_Valid" name="login_Test" time="9.662"/>
  <testcase classname="day23.TC001_LoginTest_Valid" name="login_Test" time="8.597"/>
  <testcase classname="day23.TC001_LoginTest_Valid" name="login_Test" time="8.705"/>
  <testcase classname="day23.TC001_LoginTest_Valid" name="login_Test" time="9.062"/>
</testsuite> <!-- day23.TC001_LoginTest_Valid -->
